<?xml version="1.0"?>
<!DOCTYPE coverage SYSTEM "http://cobertura.sourceforge.net/xml/coverage-04.dtd">

<coverage line-rate="0.16666666666666666" branch-rate="1.0" lines-covered="3" lines-valid="18" branches-covered="0" branches-valid="0" complexity="1.0" version="1.9.4.1" timestamp="1595365764945">
	<sources>
		<source>--source</source>
		<source>C:/Users/utilisateur/eclipse-workspace/cuberta/src/main/java</source>
	</sources>
	<packages>
		<package name="a" line-rate="0.16666666666666666" branch-rate="1.0" complexity="1.0">
			<classes>
				<class name="a.A" filename="a/A.java" line-rate="0.0" branch-rate="1.0" complexity="1.0">
					<methods>
						<method name="&lt;init&gt;" signature="()V" line-rate="0.0" branch-rate="1.0">
							<lines>
								<line number="3" hits="0" branch="false"/>
							</lines>
						</method>
						<method name="add" signature="(DD)D" line-rate="0.0" branch-rate="1.0">
							<lines>
								<line number="9" hits="0" branch="false"/>
								<line number="10" hits="0" branch="false"/>
							</lines>
						</method>
						<method name="diviser" signature="(DD)D" line-rate="0.0" branch-rate="1.0">
							<lines>
								<line number="24" hits="0" branch="false"/>
								<line number="25" hits="0" branch="false"/>
							</lines>
						</method>
						<method name="produit" signature="(DD)D" line-rate="0.0" branch-rate="1.0">
							<lines>
								<line number="19" hits="0" branch="false"/>
								<line number="20" hits="0" branch="false"/>
							</lines>
						</method>
						<method name="soustraire" signature="(DD)D" line-rate="0.0" branch-rate="1.0">
							<lines>
								<line number="14" hits="0" branch="false"/>
								<line number="15" hits="0" branch="false"/>
							</lines>
						</method>
					</methods>
					<lines>
						<line number="3" hits="0" branch="false"/>
						<line number="9" hits="0" branch="false"/>
						<line number="10" hits="0" branch="false"/>
						<line number="14" hits="0" branch="false"/>
						<line number="15" hits="0" branch="false"/>
						<line number="19" hits="0" branch="false"/>
						<line number="20" hits="0" branch="false"/>
						<line number="24" hits="0" branch="false"/>
						<line number="25" hits="0" branch="false"/>
					</lines>
				</class>
				<class name="a.Calculette" filename="a/Calculette.java" line-rate="0.3333333333333333" branch-rate="1.0" complexity="1.0">
					<methods>
						<method name="&lt;init&gt;" signature="()V" line-rate="1.0" branch-rate="1.0">
							<lines>
								<line number="3" hits="1" branch="false"/>
							</lines>
						</method>
						<method name="add" signature="(DD)D" line-rate="1.0" branch-rate="1.0">
							<lines>
								<line number="8" hits="1" branch="false"/>
								<line number="9" hits="1" branch="false"/>
							</lines>
						</method>
						<method name="diviser" signature="(DD)D" line-rate="0.0" branch-rate="1.0">
							<lines>
								<line number="23" hits="0" branch="false"/>
								<line number="24" hits="0" branch="false"/>
							</lines>
						</method>
						<method name="produit" signature="(DD)D" line-rate="0.0" branch-rate="1.0">
							<lines>
								<line number="18" hits="0" branch="false"/>
								<line number="19" hits="0" branch="false"/>
							</lines>
						</method>
						<method name="soustraire" signature="(DD)D" line-rate="0.0" branch-rate="1.0">
							<lines>
								<line number="13" hits="0" branch="false"/>
								<line number="14" hits="0" branch="false"/>
							</lines>
						</method>
					</methods>
					<lines>
						<line number="3" hits="1" branch="false"/>
						<line number="8" hits="1" branch="false"/>
						<line number="9" hits="1" branch="false"/>
						<line number="13" hits="0" branch="false"/>
						<line number="14" hits="0" branch="false"/>
						<line number="18" hits="0" branch="false"/>
						<line number="19" hits="0" branch="false"/>
						<line number="23" hits="0" branch="false"/>
						<line number="24" hits="0" branch="false"/>
					</lines>
				</class>
			</classes>
		</package>
	</packages>
</coverage>
