<?xml version="1.0" encoding="UTF-8"?>
<!-- Generated by org.testng.reporters.JUnitXMLReporter -->
<testsuite hostname="DESKTOP-1F7BV7C" ignored="3" name="Default test" tests="1" failures="0" timestamp="21 juil. 2020 21:06:04 GMT" time="0.055" errors="0">
  <testcase name="addTest" time="0.016" classname="a.CalculetteTest"/>
  <testcase name="soustraireTest" time="0.0" classname="a.CalculetteTest">
    <ignored/>
  </testcase> <!-- soustraireTest -->
  <testcase name="diviserTest" time="0.0" classname="a.CalculetteTest">
    <ignored/>
  </testcase> <!-- diviserTest -->
  <testcase name="produitTest" time="0.0" classname="a.CalculetteTest">
    <ignored/>
  </testcase> <!-- produitTest -->
</testsuite> <!-- Default test -->
