<?xml version="1.0" encoding="UTF-8"?>
<testng-results skipped="0" failed="0" ignored="3" total="4" passed="1">
  <reporter-output>
  </reporter-output>
  <suite name="Default suite" duration-ms="55" started-at="2020-07-21T21:06:04Z" finished-at="2020-07-21T21:06:04Z">
    <groups>
    </groups>
    <test name="Default test" duration-ms="55" started-at="2020-07-21T21:06:04Z" finished-at="2020-07-21T21:06:04Z">
      <class name="a.CalculetteTest">
        <test-method status="PASS" signature="addTest()[pri:0, instance:a.CalculetteTest@448ff1a8]" name="addTest" duration-ms="16" started-at="2020-07-21T23:06:04Z" finished-at="2020-07-21T23:06:04Z">
          <reporter-output>
          </reporter-output>
        </test-method> <!-- addTest -->
      </class> <!-- a.CalculetteTest -->
    </test> <!-- Default test -->
  </suite> <!-- Default suite -->
</testng-results>
